  Fri Aug  6 2004 09:55                                                                                                  Page    1







                         8051 Macro Assembler                  
               ------------------------------------------------

                       Input  Filename : NIFC1C.asm
                       Output Filename : NIFC1C.obj


    1                          	
    2                          	;WITH 51MR / 51ME LED VERSION
    3                          	
    4                          	;Test program for ALS-NIFC-01 HALF STEP SEQUENCE Clock wise       
    5                          	
    6   9000                   	         org 9000H
    7                          	
    8   9000   74 80           	        mov     a,#80h            ;8255 initialisation
    9   9002   90 20 43        	        mov     dptr,#2043h       ;PC Cntrl address = 2043h
   10   9005   F0              		movx 	@dptr,a
   11                          	
   12   9006   74 0D           	        mov     a,#0dh            ;phase c switched ON
   13   9008   90 20 42        	        mov     dptr,#2042h       ;PC Data address = 2042h
   14   900B   F0              		movx 	@dptr,a
   15   900C   12 90 69        	        lcall   delay 
   16   900F   12 90 69        	        lcall   delay 
   17   9012   74 0C           	        mov     a,#0ch            ;phases c and a switched ON
   18   9014   90 20 42        	        mov     dptr,#2042h
   19   9017   F0              		movx 	@dptr,a
   20   9018   12 90 69        	        lcall   delay 
   21   901B   12 90 69        	        lcall   delay 
   22   901E   74 0E           	        mov     a,#0eh            ;phase a switched ON
   23   9020   90 20 42        	        mov     dptr,#2042h
   24   9023   F0              		movx 	@dptr,a
   25   9024   12 90 69        	        lcall   delay 
   26   9027   12 90 69        	        lcall   delay 
   27   902A   74 06           	        mov     a,#06h            ;phases a and d switched ON
   28   902C   90 20 42        	        mov     dptr,#2042h
   29   902F   F0              		movx 	@dptr,a
   30   9030   12 90 69        	        lcall   delay 
   31   9033   12 90 69        	        lcall   delay 
   32   9036   74 07           	        mov     a,#07h            ;phase d switched ON
   33   9038   90 20 42        	        mov     dptr,#2042h
   34   903B   F0              		movx 	@dptr,a
   35   903C   12 90 69        	        lcall   delay 
   36   903F   12 90 69        	        lcall   delay 
   37   9042   74 03           	        mov     a,#03h            ;phases d and b switched ON
   38   9044   90 20 42        	        mov     dptr,#2042h
   39   9047   F0              		movx 	@dptr,a
   40   9048   12 90 69        	        lcall   delay 
   41   904B   12 90 69        	        lcall   delay 
   42   904E   74 0B           	        mov     a,#0bh            ;phase b switched ON
   43   9050   90 20 42        	        mov     dptr,#2042h
   44   9053   F0              		movx 	@dptr,a
   45   9054   12 90 69        	        lcall   delay 
   46   9057   12 90 69        	        lcall   delay 
   47   905A   74 09           	        mov     a,#09h            ;phases b and c switched ON
  Fri Aug  6 2004 09:55                                                                                                  Page    2




   48   905C   90 20 42        	        mov     dptr,#2042h
   49   905F   F0              		movx 	@dptr,a
   50   9060   12 90 69        	        lcall   delay 
   51   9063   12 90 69        	        lcall   delay 
   52                          	
   53   9066   12 00 03        	        lcall 0003h
   54                          	
   55   9069                   	delay: 
   56   9069   78 F7           	        mov     r0,#f7h         ;DELAY SUBROUTINE
   57   906B   79 FF           	oloop:  mov     r1,#ffh 
   58   906D   D9 FE           	iloop:  djnz    r1,iloop
   59   906F   D8 FA           		djnz 	r0,oloop
   60   9071   22              		ret
   61                          	
   62   9072                   	        end
   62   9072                   	        end
  Fri Aug  6 2004 09:55                                                                                                  Page    3


Defined            Symbol Name             Value                References

  Pre    BSECT                              0000      
  Pre    CODE                               9000            6
  Pre    DATA                               0000      
  Pre    RSECT                              0000      
   55    delay                              9069           15     16     20     21     25     26     30     31     35     36     40
                                                           41     45     46     50     51
   58    iloop                              906D           58
   57    oloop                              906B           59




           Lines Assembled :  62             Assembly Errors :  0


